<?xml version="1.0" encoding="UTF-8"?>
<!-- Generated by org.testng.reporters.JUnitXMLReporter -->
<testsuite ignored="0" hostname="DESKTOP-CI3J417" failures="0" tests="11" name="Application Sanity Cases" time="100.436" errors="0" timestamp="2021-07-25T09:26:07 IST">
  <testcase classname="com.demo.qa.testcases.Blueapron_Tests" name="testScriptCall1" time="29.656"/>
  <testcase classname="com.demo.qa.testcases.Blueapron_Tests" name="testScriptCall2" time="20.768"/>
  <testcase classname="com.demo.qa.testcases.Blueapron_Tests" name="testScriptCall3" time="0.09"/>
  <testcase classname="com.demo.qa.testcases.Blueapron_Tests" name="testScriptCall4" time="0.274"/>
  <testcase classname="com.demo.qa.testcases.Blueapron_Tests" name="testScriptCall5" time="1.21"/>
  <testcase classname="com.demo.qa.testcases.Blueapron_Tests" name="testScriptCall6" time="20.202"/>
  <testcase classname="com.demo.qa.testcases.Blueapron_Tests" name="testScriptCall7" time="0.098"/>
  <testcase classname="com.demo.qa.testcases.Blueapron_Tests" name="testScriptCall8" time="5.606"/>
  <testcase classname="com.demo.qa.testcases.Blueapron_Tests" name="testScriptCall9" time="20.998"/>
  <testcase classname="com.demo.qa.testcases.Blueapron_Tests" name="testScriptCall_1" time="0.142"/>
  <testcase classname="com.demo.qa.testcases.Blueapron_Tests" name="testScriptCall_2" time="1.274"/>
</testsuite> <!-- Application Sanity Cases -->
