<?xml version="1.0" encoding="UTF-8"?>
<!-- Generated by org.testng.reporters.JUnitXMLReporter -->
<testsuite ignored="0" hostname="DESKTOP-CI3J417" failures="0" tests="11" name="Application Sanity Cases" time="104.247" errors="0" timestamp="2021-07-27T19:42:26 IST">
  <testcase classname="com.demo.qa.testcases.Blueapron_Tests" name="testScriptCall1" time="27.753"/>
  <testcase classname="com.demo.qa.testcases.Blueapron_Tests" name="testScriptCall2" time="20.263"/>
  <testcase classname="com.demo.qa.testcases.Blueapron_Tests" name="testScriptCall3" time="0.284"/>
  <testcase classname="com.demo.qa.testcases.Blueapron_Tests" name="testScriptCall4" time="2.667"/>
  <testcase classname="com.demo.qa.testcases.Blueapron_Tests" name="testScriptCall5" time="1.294"/>
  <testcase classname="com.demo.qa.testcases.Blueapron_Tests" name="testScriptCall6" time="20.951"/>
  <testcase classname="com.demo.qa.testcases.Blueapron_Tests" name="testScriptCall7" time="0.096"/>
  <testcase classname="com.demo.qa.testcases.Blueapron_Tests" name="testScriptCall8" time="8.076"/>
  <testcase classname="com.demo.qa.testcases.Blueapron_Tests" name="testScriptCall9" time="21.252"/>
  <testcase classname="com.demo.qa.testcases.Blueapron_Tests" name="testScriptCall_1" time="0.161"/>
  <testcase classname="com.demo.qa.testcases.Blueapron_Tests" name="testScriptCall_2" time="1.329"/>
</testsuite> <!-- Application Sanity Cases -->
