<?xml version="1.0" encoding="UTF-8"?>
<testng-results ignored="0" total="11" passed="10" failed="1" skipped="0">
  <reporter-output>
  </reporter-output>
  <suite started-at="2021-07-24T12:06:59 IST" name="Automation Cases" finished-at="2021-07-24T12:08:12 IST" duration-ms="72777">
    <groups>
    </groups>
    <test started-at="2021-07-24T12:06:59 IST" name="Application Sanity Cases" finished-at="2021-07-24T12:08:12 IST" duration-ms="72777">
      <class name="com.demo.qa.testcases.Blueapron_Tests">
        <test-method is-config="true" signature="getConfig()[pri:0, instance:com.demo.qa.testcases.Blueapron_Tests@4da4253]" started-at="2021-07-24T12:06:48 IST" name="getConfig" finished-at="2021-07-24T12:06:59 IST" duration-ms="11042" status="PASS">
          <reporter-output>
          </reporter-output>
        </test-method> <!-- getConfig -->
        <test-method signature="testScriptCall1()[pri:0, instance:com.demo.qa.testcases.Blueapron_Tests@4da4253]" started-at="2021-07-24T12:06:59 IST" name="testScriptCall1" description="Verify User lands on Pricing Page" finished-at="2021-07-24T12:07:32 IST" duration-ms="33456" status="FAIL">
          <exception class="org.openqa.selenium.TimeoutException">
            <message>
              <![CDATA[timeout: Timed out receiving message from renderer: 20.000
  (Session info: chrome=92.0.4515.107)
Build info: version: '3.141.59', revision: 'e82be7d358', time: '2018-11-14T08:17:03'
System info: host: 'DESKTOP-CI3J417', ip: '172.29.144.1', os.name: 'Windows 10', os.arch: 'amd64', os.version: '10.0', java.version: '15.0.2'
Driver info: org.openqa.selenium.chrome.ChromeDriver
Capabilities {acceptInsecureCerts: false, browserName: chrome, browserVersion: 92.0.4515.107, chrome: {chromedriverVersion: 91.0.4472.101 (af52a90bf870..., userDataDir: C:\Users\Navee\AppData\Loca...}, goog:chromeOptions: {debuggerAddress: localhost:49710}, javascriptEnabled: true, networkConnectionEnabled: false, pageLoadStrategy: normal, platform: WINDOWS, platformName: WINDOWS, proxy: Proxy(), setWindowRect: true, strictFileInteractability: false, timeouts: {implicit: 0, pageLoad: 300000, script: 30000}, unhandledPromptBehavior: dismiss and notify, webauthn:extension:largeBlob: true, webauthn:virtualAuthenticators: true}
Session ID: 4454483ff9c16b96a0f88d278feabf61]]>
            </message>
            <full-stacktrace>
              <![CDATA[org.openqa.selenium.TimeoutException: timeout: Timed out receiving message from renderer: 20.000
  (Session info: chrome=92.0.4515.107)
Build info: version: '3.141.59', revision: 'e82be7d358', time: '2018-11-14T08:17:03'
System info: host: 'DESKTOP-CI3J417', ip: '172.29.144.1', os.name: 'Windows 10', os.arch: 'amd64', os.version: '10.0', java.version: '15.0.2'
Driver info: org.openqa.selenium.chrome.ChromeDriver
Capabilities {acceptInsecureCerts: false, browserName: chrome, browserVersion: 92.0.4515.107, chrome: {chromedriverVersion: 91.0.4472.101 (af52a90bf870..., userDataDir: C:\Users\Navee\AppData\Loca...}, goog:chromeOptions: {debuggerAddress: localhost:49710}, javascriptEnabled: true, networkConnectionEnabled: false, pageLoadStrategy: normal, platform: WINDOWS, platformName: WINDOWS, proxy: Proxy(), setWindowRect: true, strictFileInteractability: false, timeouts: {implicit: 0, pageLoad: 300000, script: 30000}, unhandledPromptBehavior: dismiss and notify, webauthn:extension:largeBlob: true, webauthn:virtualAuthenticators: true}
Session ID: 4454483ff9c16b96a0f88d278feabf61
at java.base/jdk.internal.reflect.NativeConstructorAccessorImpl.newInstance0(Native Method)
at java.base/jdk.internal.reflect.NativeConstructorAccessorImpl.newInstance(NativeConstructorAccessorImpl.java:64)
at java.base/jdk.internal.reflect.DelegatingConstructorAccessorImpl.newInstance(DelegatingConstructorAccessorImpl.java:45)
at java.base/java.lang.reflect.Constructor.newInstanceWithCaller(Constructor.java:500)
at java.base/java.lang.reflect.Constructor.newInstance(Constructor.java:481)
at org.openqa.selenium.remote.http.W3CHttpResponseCodec.createException(W3CHttpResponseCodec.java:187)
at org.openqa.selenium.remote.http.W3CHttpResponseCodec.decode(W3CHttpResponseCodec.java:122)
at org.openqa.selenium.remote.http.W3CHttpResponseCodec.decode(W3CHttpResponseCodec.java:49)
at org.openqa.selenium.remote.HttpCommandExecutor.execute(HttpCommandExecutor.java:158)
at org.openqa.selenium.remote.service.DriverCommandExecutor.execute(DriverCommandExecutor.java:83)
at org.openqa.selenium.remote.RemoteWebDriver.execute(RemoteWebDriver.java:552)
at org.openqa.selenium.remote.RemoteWebElement.execute(RemoteWebElement.java:285)
at org.openqa.selenium.remote.RemoteWebElement.click(RemoteWebElement.java:84)
at com.demo.qa.pages.Blueapron_HomePage.verifyPricingPageOpenSuccessfully(Blueapron_HomePage.java:42)
at com.demo.qa.testcases.Blueapron_Tests.testScriptCall1(Blueapron_Tests.java:29)
at java.base/jdk.internal.reflect.NativeMethodAccessorImpl.invoke0(Native Method)
at java.base/jdk.internal.reflect.NativeMethodAccessorImpl.invoke(NativeMethodAccessorImpl.java:64)
at java.base/jdk.internal.reflect.DelegatingMethodAccessorImpl.invoke(DelegatingMethodAccessorImpl.java:43)
at java.base/java.lang.reflect.Method.invoke(Method.java:564)
at org.testng.internal.MethodInvocationHelper.invokeMethod(MethodInvocationHelper.java:134)
at org.testng.internal.TestInvoker.invokeMethod(TestInvoker.java:597)
at org.testng.internal.TestInvoker.invokeTestMethod(TestInvoker.java:173)
at org.testng.internal.MethodRunner.runInSequence(MethodRunner.java:46)
at org.testng.internal.TestInvoker$MethodInvocationAgent.invoke(TestInvoker.java:816)
at org.testng.internal.TestInvoker.invokeTestMethods(TestInvoker.java:146)
at org.testng.internal.TestMethodWorker.invokeTestMethods(TestMethodWorker.java:146)
at org.testng.internal.TestMethodWorker.run(TestMethodWorker.java:128)
at java.base/java.util.ArrayList.forEach(ArrayList.java:1511)
at org.testng.TestRunner.privateRun(TestRunner.java:766)
at org.testng.TestRunner.run(TestRunner.java:587)
at org.testng.SuiteRunner.runTest(SuiteRunner.java:384)
at org.testng.SuiteRunner.runSequentially(SuiteRunner.java:378)
at org.testng.SuiteRunner.privateRun(SuiteRunner.java:337)
at org.testng.SuiteRunner.run(SuiteRunner.java:286)
at org.testng.SuiteRunnerWorker.runSuite(SuiteRunnerWorker.java:53)
at org.testng.SuiteRunnerWorker.run(SuiteRunnerWorker.java:96)
at org.testng.TestNG.runSuitesSequentially(TestNG.java:1187)
at org.testng.TestNG.runSuitesLocally(TestNG.java:1109)
at org.testng.TestNG.runSuites(TestNG.java:1039)
at org.testng.TestNG.run(TestNG.java:1007)
at org.testng.remote.AbstractRemoteTestNG.run(AbstractRemoteTestNG.java:115)
at org.testng.remote.RemoteTestNG.initAndRun(RemoteTestNG.java:251)
at org.testng.remote.RemoteTestNG.main(RemoteTestNG.java:77)
]]>
            </full-stacktrace>
          </exception> <!-- org.openqa.selenium.TimeoutException -->
          <reporter-output>
          </reporter-output>
        </test-method> <!-- testScriptCall1 -->
        <test-method signature="testScriptCall2()[pri:1, instance:com.demo.qa.testcases.Blueapron_Tests@4da4253]" started-at="2021-07-24T12:07:33 IST" name="testScriptCall2" description="Verify Cost And Shipping Charges For 2-Serving Signature" finished-at="2021-07-24T12:07:44 IST" duration-ms="10277" status="PASS">
          <reporter-output>
          </reporter-output>
        </test-method> <!-- testScriptCall2 -->
        <test-method signature="testScriptCall3()[pri:2, instance:com.demo.qa.testcases.Blueapron_Tests@4da4253]" started-at="2021-07-24T12:07:44 IST" name="testScriptCall3" description="Verify Cost And Shipping Charges" finished-at="2021-07-24T12:07:44 IST" duration-ms="229" status="PASS">
          <reporter-output>
          </reporter-output>
        </test-method> <!-- testScriptCall3 -->
        <test-method signature="testScriptCall4()[pri:3, instance:com.demo.qa.testcases.Blueapron_Tests@4da4253]" started-at="2021-07-24T12:07:44 IST" name="testScriptCall4" description="Change 2-Serving Signature from three recipes to two recipes per week" finished-at="2021-07-24T12:07:44 IST" duration-ms="418" status="PASS">
          <reporter-output>
          </reporter-output>
        </test-method> <!-- testScriptCall4 -->
        <test-method signature="testScriptCall5()[pri:4, instance:com.demo.qa.testcases.Blueapron_Tests@4da4253]" started-at="2021-07-24T12:07:44 IST" name="testScriptCall5" description="change 4-Serving Signature from two to three recipes per week" finished-at="2021-07-24T12:07:46 IST" duration-ms="1262" status="PASS">
          <reporter-output>
          </reporter-output>
        </test-method> <!-- testScriptCall5 -->
        <test-method signature="testScriptCall6()[pri:5, instance:com.demo.qa.testcases.Blueapron_Tests@4da4253]" started-at="2021-07-24T12:07:46 IST" name="testScriptCall6" description="Verify Cost and Shipping Charges after changing per week for 2-Serving Signature" finished-at="2021-07-24T12:07:56 IST" duration-ms="10179" status="PASS">
          <reporter-output>
          </reporter-output>
        </test-method> <!-- testScriptCall6 -->
        <test-method signature="testScriptCall7()[pri:6, instance:com.demo.qa.testcases.Blueapron_Tests@4da4253]" started-at="2021-07-24T12:07:56 IST" name="testScriptCall7" description="Verify Cost and Shipping Charges after changing per week for 4-Serving Signature" finished-at="2021-07-24T12:07:56 IST" duration-ms="104" status="PASS">
          <reporter-output>
          </reporter-output>
        </test-method> <!-- testScriptCall7 -->
        <test-method signature="testScriptCall8()[pri:7, instance:com.demo.qa.testcases.Blueapron_Tests@4da4253]" started-at="2021-07-24T12:07:56 IST" name="testScriptCall8" description="Click Select Button for Any Item" finished-at="2021-07-24T12:08:00 IST" duration-ms="4053" status="PASS">
          <reporter-output>
          </reporter-output>
        </test-method> <!-- testScriptCall8 -->
        <test-method signature="testScriptCall9()[pri:8, instance:com.demo.qa.testcases.Blueapron_Tests@4da4253]" started-at="2021-07-24T12:08:00 IST" name="testScriptCall9" description="Verif User is on Signup Page" finished-at="2021-07-24T12:08:10 IST" duration-ms="10290" status="PASS">
          <reporter-output>
          </reporter-output>
        </test-method> <!-- testScriptCall9 -->
        <test-method signature="testScriptCall_1()[pri:9, instance:com.demo.qa.testcases.Blueapron_Tests@4da4253]" started-at="2021-07-24T12:08:10 IST" name="testScriptCall_1" description="Verif Apple SignUp Button Is Displayed" finished-at="2021-07-24T12:08:10 IST" duration-ms="160" status="PASS">
          <reporter-output>
          </reporter-output>
        </test-method> <!-- testScriptCall_1 -->
        <test-method signature="testScriptCall_2()[pri:10, instance:com.demo.qa.testcases.Blueapron_Tests@4da4253]" started-at="2021-07-24T12:08:10 IST" name="testScriptCall_2" description="Verify Error When click the Continue button without entering the email address" finished-at="2021-07-24T12:08:12 IST" duration-ms="1339" status="PASS">
          <reporter-output>
          </reporter-output>
        </test-method> <!-- testScriptCall_2 -->
        <test-method is-config="true" signature="tearDown()[pri:0, instance:com.demo.qa.testcases.Blueapron_Tests@4da4253]" started-at="2021-07-24T12:08:12 IST" name="tearDown" finished-at="2021-07-24T12:08:13 IST" duration-ms="1375" status="PASS">
          <reporter-output>
          </reporter-output>
        </test-method> <!-- tearDown -->
      </class> <!-- com.demo.qa.testcases.Blueapron_Tests -->
    </test> <!-- Application Sanity Cases -->
  </suite> <!-- Automation Cases -->
</testng-results>
